\BOOKMARK [1][]{section.2}{\376\377\0001\000\040\000H\000o\000w\000\040\000w\000e\000\040\000s\000t\000a\000r\000t\000e\000d}{}% 2
\BOOKMARK [1][]{section.3}{\376\377\0002\000\040\000I\000n\000t\000r\000o\000d\000u\000c\000t\000i\000o\000n}{}% 3
\BOOKMARK [2][]{subsection.4}{\376\377\0002\000.\0001\000\040\000G\000e\000n\000e\000r\000a\000l\000\040\000T\000o\000p\000i\000c}{section.3}% 4
\BOOKMARK [2][]{subsection.9}{\376\377\0002\000.\0002\000\040\000S\000i\000m\000i\000l\000a\000r\000\040\000p\000r\000o\000b\000l\000e\000m\000s\000\040\000i\000n\000\040\000p\000r\000a\000c\000t\000i\000c\000e\000\040\000\050\000R\000e\000f\000e\000r\000e\000n\000c\000e\000s\000\040\000e\000v\000e\000r\000y\000\040\000t\000i\000m\000e\000,\000\040\000l\000o\000o\000k\000\040\000f\000o\000r\000\040\000a\000c\000t\000u\000a\000l\000\040\000o\000n\000e\000s\000\051}{section.3}% 5
\BOOKMARK [1][]{section.10}{\376\377\0003\000\040\000T\000e\000a\000m\000\040\000W\000o\000r\000k}{}% 6
\BOOKMARK [2][]{subsection.11}{\376\377\0003\000.\0001\000\040\000W\000o\000r\000k\000\040\000P\000a\000r\000t\000i\000c\000i\000p\000a\000t\000i\000o\000n}{section.10}% 7
\BOOKMARK [2][]{subsection.12}{\376\377\0003\000.\0002\000\040\000w\000o\000r\000k\000\040\000s\000t\000r\000u\000c\000t\000u\000r\000e\000\040\000\050\000c\000o\000m\000m\000u\000n\000i\000c\000a\000t\000i\000o\000n\000,\000\040\000d\000e\000c\000i\000s\000i\000o\000n\000s\000,\000\040\000b\000u\000g\000\040\000t\000r\000a\000c\000k\000i\000n\000g\000,\000\040\000r\000e\000p\000o\000s\000i\000t\000o\000r\000y\000,\000\040\000e\000n\000g\000i\000n\000e\000e\000r\000i\000n\000g\000,\000\040\000.\000.\000.\000\051}{section.10}% 8
\BOOKMARK [2][]{subsection.13}{\376\377\0003\000.\0003\000\040\000i\000d\000e\000a\000s\000\040\000\050\000b\000r\000a\000i\000n\000s\000t\000o\000r\000m\000i\000n\000g\000\051}{section.10}% 9
\BOOKMARK [1][]{section.14}{\376\377\0004\000\040\000P\000r\000o\000b\000l\000e\000m\000\040\000D\000e\000s\000c\000r\000i\000p\000t\000i\000o\000n}{}% 10
\BOOKMARK [2][]{subsection.15}{\376\377\0004\000.\0001\000\040\000F\000o\000r\000m\000a\000l\000\040\000d\000e\000s\000c\000r\000i\000p\000t\000i\000o\000n\000:\000\040\000d\000e\000f\000i\000n\000i\000t\000i\000o\000n\000s\000,\000\040\000e\000x\000a\000m\000p\000l\000e\000s\000,\000\040\000.\000.\000.}{section.14}% 11
\BOOKMARK [1][]{section.16}{\376\377\0005\000\040\000R\000e\000l\000a\000t\000e\000d\000\040\000W\000o\000r\000k}{}% 12
\BOOKMARK [2][]{subsection.17}{\376\377\0005\000.\0001\000\040\000R\000e\000l\000a\000t\000e\000d\000\040\000A\000l\000g\000o\000r\000i\000t\000h\000m\000s\000,\000\040\000A\000p\000p\000l\000i\000c\000a\000t\000i\000o\000n\000s}{section.16}% 13
\BOOKMARK [1][]{section.18}{\376\377\0006\000\040\000P\000r\000o\000p\000o\000s\000e\000d\000\040\000A\000p\000p\000r\000o\000a\000c\000h\000e\000s}{}% 14
\BOOKMARK [2][]{subsection.19}{\376\377\0006\000.\0001\000\040\000I\000n\000p\000u\000t\000/\000O\000u\000t\000p\000u\000t\000\040\000F\000o\000r\000m\000a\000t\000,\000\040\000B\000e\000n\000c\000h\000m\000a\000r\000k\000s\000\040\000\050\000G\000e\000n\000e\000r\000a\000t\000i\000o\000n\000,\000\040\000E\000x\000a\000m\000p\000l\000e\000s\000\051}{section.18}% 15
\BOOKMARK [2][]{subsection.20}{\376\377\0006\000.\0002\000\040\000A\000l\000g\000o\000r\000i\000t\000h\000m\000s\000\040\000i\000n\000\040\000P\000s\000e\000u\000d\000o\000c\000o\000d\000e}{section.18}% 16
\BOOKMARK [1][]{section.21}{\376\377\0007\000\040\000I\000m\000p\000l\000e\000m\000e\000n\000t\000a\000t\000i\000o\000n\000\040\000D\000e\000t\000a\000i\000l\000s}{}% 17
\BOOKMARK [2][]{subsection.22}{\376\377\0007\000.\0001\000\040\000A\000p\000p\000l\000i\000c\000a\000t\000i\000o\000n\000\040\000S\000t\000r\000u\000c\000t\000u\000r\000e}{section.21}% 18
\BOOKMARK [2][]{subsection.23}{\376\377\0007\000.\0002\000\040\000G\000U\000I\000\040\000D\000e\000t\000a\000i\000l\000s}{section.21}% 19
\BOOKMARK [3][]{subsubsection.24}{\376\377\0007\000.\0002\000.\0001\000\040\000S\000n\000a\000k\000e\000U\000I\000M\000a\000i\000n}{subsection.23}% 20
\BOOKMARK [3][]{subsubsection.25}{\376\377\0007\000.\0002\000.\0002\000\040\000B\000o\000t\000L\000o\000a\000d\000e\000r}{subsection.23}% 21
\BOOKMARK [3][]{subsubsection.26}{\376\377\0007\000.\0002\000.\0003\000\040\000S\000n\000a\000k\000e\000s\000W\000i\000n\000d\000o\000w}{subsection.23}% 22
\BOOKMARK [3][]{subsubsection.27}{\376\377\0007\000.\0002\000.\0004\000\040\000S\000n\000a\000k\000e\000s\000R\000u\000n\000n\000e\000r}{subsection.23}% 23
\BOOKMARK [3][]{subsubsection.28}{\376\377\0007\000.\0002\000.\0005\000\040\000S\000n\000a\000k\000e\000s\000G\000a\000m\000e}{subsection.23}% 24
\BOOKMARK [3][]{subsubsection.29}{\376\377\0007\000.\0002\000.\0006\000\040\000S\000n\000a\000k\000e\000C\000a\000n\000v\000a\000s}{subsection.23}% 25
\BOOKMARK [3][]{subsubsection.30}{\376\377\0007\000.\0002\000.\0007\000\040\000S\000n\000a\000k\000e}{subsection.23}% 26
\BOOKMARK [3][]{subsubsection.31}{\376\377\0007\000.\0002\000.\0008\000\040\000C\000o\000o\000r\000d\000i\000n\000a\000t\000e}{subsection.23}% 27
\BOOKMARK [3][]{subsubsection.32}{\376\377\0007\000.\0002\000.\0009\000\040\000B\000o\000t}{subsection.23}% 28
\BOOKMARK [2][]{subsection.33}{\376\377\0007\000.\0003\000\040\000U\000M\000L\000\040\000D\000i\000a\000g\000r\000a\000m}{section.21}% 29
\BOOKMARK [2][]{subsection.35}{\376\377\0007\000.\0004\000\040\000U\000s\000e\000d\000\040\000L\000i\000b\000r\000a\000r\000i\000e\000s}{section.21}% 30
\BOOKMARK [1][]{section.36}{\376\377\0008\000\040\000O\000u\000r\000\040\000B\000o\000t\000s\000\040\000w\000i\000t\000h\000\040\000d\000i\000f\000f\000e\000r\000e\000n\000t\000\040\000i\000m\000p\000l\000e\000m\000e\000n\000t\000a\000t\000i\000o\000n\000s}{}% 31
\BOOKMARK [2][]{subsection.37}{\376\377\0008\000.\0001\000\040\000B\000o\000t\0001}{section.36}% 32
\BOOKMARK [2][]{subsection.38}{\376\377\0008\000.\0002\000\040\000B\000o\000t\0002}{section.36}% 33
\BOOKMARK [2][]{subsection.39}{\376\377\0008\000.\0003\000\040\000B\000o\000t\0003}{section.36}% 34
\BOOKMARK [1][]{section.40}{\376\377\0009\000\040\000E\000x\000p\000e\000r\000i\000m\000e\000n\000t\000a\000l\000\040\000R\000e\000s\000u\000l\000t\000s\000\040\000a\000n\000d\000\040\000S\000t\000a\000t\000i\000s\000t\000i\000c\000a\000l\000\040\000T\000e\000s\000t\000s}{}% 35
\BOOKMARK [2][]{subsection.41}{\376\377\0009\000.\0001\000\040\000S\000i\000m\000u\000l\000a\000t\000i\000o\000n\000s\000\040\000\050\000P\000l\000a\000y\000\040\000w\000i\000t\000h\000\040\000t\000h\000e\000\040\000P\000a\000r\000a\000m\000e\000t\000e\000r\000s\000!\000\051}{section.40}% 36
\BOOKMARK [2][]{subsection.42}{\376\377\0009\000.\0002\000\040\000U\000s\000e\000\040\000B\000e\000n\000c\000h\000m\000a\000r\000k\000s}{section.40}% 37
\BOOKMARK [2][]{subsection.43}{\376\377\0009\000.\0003\000\040\000T\000a\000b\000l\000e\000s\000:\000\040\000i\000n\000p\000u\000t\000\040\000d\000a\000t\000a\000\040\000d\000e\000t\000a\000i\000l\000s\000,\000\040\000r\000e\000s\000u\000l\000t\000s\000\040\000o\000f\000\040\000d\000i\000f\000f\000e\000r\000e\000n\000t\000\040\000a\000l\000g\000o\000r\000i\000t\000h\000m\000s}{section.40}% 38
\BOOKMARK [2][]{subsection.44}{\376\377\0009\000.\0004\000\040\000C\000h\000a\000r\000t\000s}{section.40}% 39
\BOOKMARK [2][]{subsection.45}{\376\377\0009\000.\0005\000\040\000E\000v\000a\000l\000u\000a\000t\000i\000o\000n\000s}{section.40}% 40
\BOOKMARK [1][]{section.46}{\376\377\0001\0000\000\040\000C\000o\000n\000c\000l\000u\000s\000i\000o\000n\000s\000\040\000a\000n\000d\000\040\000F\000u\000t\000u\000r\000e\000\040\000W\000o\000r\000k}{}% 41
\BOOKMARK [2][]{subsection.47}{\376\377\0001\0000\000.\0001\000\040\000H\000o\000w\000\040\000t\000h\000e\000\040\000t\000e\000a\000m\000\040\000w\000o\000r\000k\000\040\000w\000e\000n\000t}{section.46}% 42
\BOOKMARK [2][]{subsection.48}{\376\377\0001\0000\000.\0002\000\040\000W\000h\000a\000t\000\040\000w\000e\000\040\000h\000a\000v\000e\000\040\000l\000e\000a\000r\000n\000e\000d}{section.46}% 43
\BOOKMARK [2][]{subsection.49}{\376\377\0001\0000\000.\0003\000\040\000I\000d\000e\000a\000s\000\040\000f\000o\000r\000\040\000t\000h\000e\000\040\000f\000u\000t\000u\000r\000e\000\040\000d\000e\000v\000e\000l\000o\000p\000m\000e\000n\000t\000\040\000o\000f\000\040\000y\000o\000u\000r\000\040\000a\000p\000p\000l\000i\000c\000a\000t\000i\000o\000n\000,\000\040\000n\000e\000w\000\040\000a\000l\000g\000o\000r\000i\000t\000h\000m\000s}{section.46}% 44
